hellocharts-library/build/outputs/logs/manifest-merger-debug-report.txt
-- Merging decision tree log ---
manifest
ADDED from Suncere.SX2.AndroidApp\hellocharts-library\AndroidManifest.xml:2:1-9:12
INJECTED from Suncere.SX2.AndroidApp\hellocharts-library\AndroidManifest.xml:2:1-9:12
INJECTED from Suncere.SX2.AndroidApp\hellocharts-library\AndroidManifest.xml:2:1-9:12
INJECTED from Suncere.SX2.AndroidApp\hellocharts-library\AndroidManifest.xml:2:1-9:12
INJECTED from Suncere.SX2.AndroidApp\hellocharts-library\AndroidManifest.xml:2:1-9:12
INJECTED from Suncere.SX2.AndroidApp\hellocharts-library\AndroidManifest.xml:2:1-9:12
INJECTED from Suncere.SX2.AndroidApp\hellocharts-library\AndroidManifest.xml:2:1-9:12
	package
		ADDED from Suncere.SX2.AndroidApp\hellocharts-library\AndroidManifest.xml:3:5-36
		INJECTED from Suncere.SX2.AndroidApp\hellocharts-library\AndroidManifest.xml
		INJECTED from Suncere.SX2.AndroidApp\hellocharts-library\AndroidManifest.xml
	android:versionName
		INJECTED from Suncere.SX2.AndroidApp\hellocharts-library\AndroidManifest.xml
		ADDED from Suncere.SX2.AndroidApp\hellocharts-library\AndroidManifest.xml:2:1-9:12
		INJECTED from Suncere.SX2.AndroidApp\hellocharts-library\AndroidManifest.xml
	android:versionCode
		INJECTED from Suncere.SX2.AndroidApp\hellocharts-library\AndroidManifest.xml
		ADDED from Suncere.SX2.AndroidApp\hellocharts-library\AndroidManifest.xml:2:1-9:12
		INJECTED from Suncere.SX2.AndroidApp\hellocharts-library\AndroidManifest.xml
	xmlns:android
		ADDED from Suncere.SX2.AndroidApp\hellocharts-library\AndroidManifest.xml:2:11-69
uses-sdk
ADDED from Suncere.SX2.AndroidApp\hellocharts-library\AndroidManifest.xml:5:5-7:41
INJECTED from Suncere.SX2.AndroidApp\hellocharts-library\AndroidManifest.xml:5:5-7:41
INJECTED from Suncere.SX2.AndroidApp\hellocharts-library\AndroidManifest.xml:5:5-7:41
INJECTED from Suncere.SX2.AndroidApp\hellocharts-library\AndroidManifest.xml:5:5-7:41
INJECTED from Suncere.SX2.AndroidApp\hellocharts-library\AndroidManifest.xml:5:5-7:41
	android:targetSdkVersion
		ADDED from Suncere.SX2.AndroidApp\hellocharts-library\AndroidManifest.xml:7:9-38
		INJECTED from Suncere.SX2.AndroidApp\hellocharts-library\AndroidManifest.xml
		INJECTED from Suncere.SX2.AndroidApp\hellocharts-library\AndroidManifest.xml
	android:minSdkVersion
		ADDED from Suncere.SX2.AndroidApp\hellocharts-library\AndroidManifest.xml:6:9-35
		INJECTED from Suncere.SX2.AndroidApp\hellocharts-library\AndroidManifest.xml
		INJECTED from Suncere.SX2.AndroidApp\hellocharts-library\AndroidManifest.xml